<?xml version="1.0" encoding="UTF-8"?>
<testng-results ignored="0" total="1" passed="1" failed="0" skipped="0">
  <reporter-output>
  </reporter-output>
  <suite started-at="2022-01-31T13:43:40 IST" name="Default suite" finished-at="2022-01-31T13:44:07 IST" duration-ms="27224">
    <groups>
    </groups>
    <test started-at="2022-01-31T13:43:40 IST" name="Default test" finished-at="2022-01-31T13:44:07 IST" duration-ms="27224">
      <class name="tests.Test1">
        <test-method is-config="true" signature="suiteSetup()[pri:0, instance:tests.Test1@7d17ee50]" started-at="2022-01-31T13:43:40 IST" name="suiteSetup" finished-at="2022-01-31T13:43:40 IST" duration-ms="379" status="PASS">
          <reporter-output>
          </reporter-output>
        </test-method> <!-- suiteSetup -->
        <test-method is-config="true" signature="beforeMethod()[pri:0, instance:tests.Test1@7d17ee50]" started-at="2022-01-31T13:43:41 IST" name="beforeMethod" finished-at="2022-01-31T13:43:44 IST" duration-ms="3078" status="PASS">
          <reporter-output>
          </reporter-output>
        </test-method> <!-- beforeMethod -->
        <test-method signature="verifyAspireappOdoo(java.lang.String,java.lang.String,java.lang.String)[pri:0, instance:tests.Test1@7d17ee50]" started-at="2022-01-31T13:43:44 IST" name="verifyAspireappOdoo" data-provider="excelSheetNameAsMethodName" finished-at="2022-01-31T13:44:05 IST" duration-ms="20623" status="PASS">
          <params>
            <param index="0">
              <value>
                <![CDATA[TC_001]]>
              </value>
            </param>
            <param index="1">
              <value>
                <![CDATA[user@aspireapp.com]]>
              </value>
            </param>
            <param index="2">
              <value>
                <![CDATA[@sp1r3app]]>
              </value>
            </param>
          </params>
          <reporter-output>
          </reporter-output>
        </test-method> <!-- verifyAspireappOdoo -->
        <test-method is-config="true" signature="afterMethod()[pri:0, instance:tests.Test1@7d17ee50]" started-at="2022-01-31T13:44:05 IST" name="afterMethod" finished-at="2022-01-31T13:44:07 IST" duration-ms="2159" status="PASS">
          <reporter-output>
          </reporter-output>
        </test-method> <!-- afterMethod -->
        <test-method is-config="true" signature="afterTest()[pri:0, instance:tests.Test1@7d17ee50]" started-at="2022-01-31T13:44:07 IST" name="afterTest" finished-at="2022-01-31T13:44:07 IST" duration-ms="0" status="PASS">
          <reporter-output>
          </reporter-output>
        </test-method> <!-- afterTest -->
      </class> <!-- tests.Test1 -->
    </test> <!-- Default test -->
  </suite> <!-- Default suite -->
</testng-results>
